\BOOKMARK [1][-]{section.1}{\376\377\176\337\213\241\162\151\164\006\127\372\170\100}{}% 1
\BOOKMARK [2][-]{subsection.1.1}{\376\377\176\337\213\241\162\151\164\006\173\200\116\313}{section.1}% 2
\BOOKMARK [2][-]{subsection.1.2}{\376\377\137\256\153\143\122\031\174\373\176\374}{section.1}% 3
\BOOKMARK [3][-]{subsubsection.1.2.1}{\376\377\173\111\151\202\163\207\123\237\164\006}{subsection.1.2}% 4
\BOOKMARK [3][-]{subsubsection.1.2.2}{\376\377\173\111\151\202\163\207\123\237\164\006\166\204\211\343\221\312\124\214\124\010\164\006\140\047}{subsection.1.2}% 5
\BOOKMARK [3][-]{subsubsection.1.2.3}{\376\377\137\256\153\143\122\031\174\373\176\374}{subsection.1.2}% 6
\BOOKMARK [3][-]{subsubsection.1.2.4}{\376\377\161\265\130\236\122\240\123\237\164\006}{subsection.1.2}% 7
\BOOKMARK [3][-]{subsubsection.1.2.5}{\376\377\156\051\136\246\124\214\160\355\133\271}{subsection.1.2}% 8
\BOOKMARK [3][-]{subsubsection.1.2.6}{\376\377\123\213\137\072}{subsection.1.2}% 9
\BOOKMARK [3][-]{subsubsection.1.2.7}{\376\377\160\355\122\233\133\146\173\054\116\000\133\232\137\213}{subsection.1.2}% 10
\BOOKMARK [3][-]{subsubsection.1.2.8}{\376\377\116\000\116\052\117\213\133\120\040\024\040\024\116\044\140\001\174\373\176\337}{subsection.1.2}% 11
\BOOKMARK [2][-]{subsection.1.3}{\376\377\153\143\122\031\174\373\176\374}{section.1}% 12
\BOOKMARK [3][-]{subsubsection.1.3.1}{\376\377\221\115\122\006\121\375\145\160\000\050\000P\000a\000r\000t\000i\000t\000i\000o\000n\000\040\000F\000u\000n\000c\000t\000i\000o\000n\000\051}{subsection.1.3}% 13
\BOOKMARK [3][-]{subsubsection.1.3.2}{\376\377\133\306\136\246\167\351\226\065\166\204\116\000\171\315\220\011\142\351}{subsection.1.3}% 14
\BOOKMARK [3][-]{subsubsection.1.3.3}{\376\377\136\163\127\107\200\375\221\317\124\214\200\375\221\317\155\250\204\075}{subsection.1.3}% 15
\BOOKMARK [3][-]{subsubsection.1.3.4}{\376\377\230\230\131\026\213\335\377\032\176\337\213\241\162\151\164\006\146\057\164\006\213\272\162\151\164\006\116\055\164\200\164\250\166\204\133\235\167\363}{subsection.1.3}% 16
\BOOKMARK [3][-]{subsubsection.1.3.5}{\376\377\121\215\147\145\213\241\173\227\116\044\200\375\176\247\174\373\176\337}{subsection.1.3}% 17
\BOOKMARK [3][-]{subsubsection.1.3.6}{\376\377\153\143\122\031\174\373\176\374\116\055\166\204\161\265}{subsection.1.3}% 18
\BOOKMARK [3][-]{subsubsection.1.3.7}{\376\377\201\352\165\061\200\375}{subsection.1.3}% 19
\BOOKMARK [2][-]{subsection.1.4}{\376\377\135\350\153\143\122\031\174\373\176\374}{section.1}% 20
\BOOKMARK [3][-]{subsubsection.1.4.1}{\376\377\123\026\133\146\122\277}{subsection.1.4}% 21
\BOOKMARK [3][-]{subsubsection.1.4.2}{\376\377\135\350\153\143\122\031\174\373\176\374}{subsection.1.4}% 22
\BOOKMARK [3][-]{subsubsection.1.4.3}{\376\377\135\350\153\143\122\031\122\277}{subsection.1.4}% 23
\BOOKMARK [3][-]{subsubsection.1.4.4}{\376\377\137\072\136\246\221\317\124\214\136\177\136\366\221\317}{subsection.1.4}% 24
\BOOKMARK [2][-]{subsection.1.5}{\376\377\133\371\116\216\174\373\176\374\164\006\213\272\166\204\140\035\200\003}{section.1}% 25
\BOOKMARK [3][-]{subsubsection.1.5.1}{\376\377\116\011\171\315\174\373\176\374\164\006\213\272\166\204\140\073\176\323}{subsection.1.5}% 26
\BOOKMARK [3][-]{subsubsection.1.5.2}{\376\377\201\352\135\361\145\260\220\040\116\000\171\315\174\373\176\374\377\037\147\000\135\350\174\373\176\374\377\037}{subsection.1.5}% 27
\BOOKMARK [3][-]{subsubsection.1.5.3}{\376\377\116\015\124\014\147\141\116\366\116\013\117\177\137\227\161\265\147\000\131\047}{subsection.1.5}% 28
\BOOKMARK [2][-]{subsection.1.6}{\376\377\176\246\211\177\116\232\000\267\132\001\142\311\137\267\000\267\124\011\136\003\145\257\377\010\000J\000o\000s\000i\000a\000h\000\040\000W\000i\000l\000l\000a\000r\000d\000\040\000G\000i\000b\000b\000s\000\051}{section.1}% 29
\BOOKMARK [1][-]{section.2}{\376\377\176\317\121\170\154\024\117\123}{}% 30
\BOOKMARK [2][-]{subsection.2.1}{\376\377\176\317\121\170\221\115\122\006\121\375\145\160}{section.2}% 31
\BOOKMARK [2][-]{subsection.2.2}{\376\377\164\006\140\363\154\024\117\123}{section.2}% 32
\BOOKMARK [3][-]{subsubsection.2.2.1}{\376\377\200\375\221\317\127\107\122\006\133\232\164\006}{subsection.2.2}% 33
\BOOKMARK [3][-]{subsubsection.2.2.2}{\376\377\117\177\165\050\135\350\153\143\122\031\174\373\176\374\147\145\213\241\173\227\164\006\140\363\154\024\117\123}{subsection.2.2}% 34
\BOOKMARK [2][-]{subsection.2.3}{\376\377\236\246\121\113\145\257\227\346\122\006\136\003}{section.2}% 35
\BOOKMARK [3][-]{subsubsection.2.3.1}{\376\377\123\206\123\362\166\204\143\250\133\374}{subsection.2.3}% 36
\BOOKMARK [3][-]{subsubsection.2.3.2}{\376\377\122\250\200\375\166\204\123\206\123\362\143\250\133\374}{subsection.2.3}% 37
\BOOKMARK [2][-]{subsection.2.4}{\376\377\123\314\123\237\133\120\122\006\133\120}{section.2}% 38
\BOOKMARK [2][-]{subsection.2.5}{\376\377\166\370\116\222\117\134\165\050\166\204\176\317\121\170\154\024\117\123}{section.2}% 39
\BOOKMARK [2][-]{subsection.2.6}{\376\377\137\267\142\334\000-\117\021\121\113\134\024\173\111\171\273\133\120\117\123\152\041\127\213}{section.2}% 40
\BOOKMARK [1][-]{section.3}{\376\377\221\317\133\120\154\024\117\123}{}% 41
\BOOKMARK [1][-]{section.4}{\376\377\166\370\123\330\122\035\153\145}{}% 42
